Building DAG of jobs...
Using shell: /usr/bin/bash
Provided cores: 20
Rules claiming more threads will be scaled down.
Job counts:
	count	jobs
	1	DADA2
	1	all
	4	cutadapt
	4	fastqc
	1	filtering
	1	multiqc
	4	prinseq
	1	unfiltered_table
	4	unzip
	4	vsearch
	1	write_fasta
	26
Select jobs to execute...

[Thu May 16 10:22:04 2024]
rule fastqc:
    input: demultiplexed/1FgAgo4_A_R1.fastq.gz
    output: results/qc/1FgAgo4_A_R1_fastqc.html, results/qc/1FgAgo4_A_R1_fastqc.zip
    jobid: 27
    wildcards: sample=1FgAgo4, unit=A, read=1
    threads: 20

Activating conda environment: /home/nilmat/scratch/streptsd/mathias_modulome/yeast/test/Natrix/.snakemake/conda/b0fe3568
[Thu May 16 10:22:33 2024]
Finished job 27.
1 of 26 steps (4%) done
Select jobs to execute...

[Thu May 16 10:22:33 2024]
rule fastqc:
    input: demultiplexed/1FgAgo1_A_R1.fastq.gz
    output: results/qc/1FgAgo1_A_R1_fastqc.html, results/qc/1FgAgo1_A_R1_fastqc.zip
    jobid: 24
    wildcards: sample=1FgAgo1, unit=A, read=1
    threads: 20

Activating conda environment: /home/nilmat/scratch/streptsd/mathias_modulome/yeast/test/Natrix/.snakemake/conda/b0fe3568
[Thu May 16 10:22:55 2024]
Finished job 24.
2 of 26 steps (8%) done
Select jobs to execute...

[Thu May 16 10:22:55 2024]
rule fastqc:
    input: demultiplexed/1FgAgo3_A_R1.fastq.gz
    output: results/qc/1FgAgo3_A_R1_fastqc.html, results/qc/1FgAgo3_A_R1_fastqc.zip
    jobid: 26
    wildcards: sample=1FgAgo3, unit=A, read=1
    threads: 20

Activating conda environment: /home/nilmat/scratch/streptsd/mathias_modulome/yeast/test/Natrix/.snakemake/conda/b0fe3568
[Thu May 16 10:23:18 2024]
Finished job 26.
3 of 26 steps (12%) done
Select jobs to execute...

[Thu May 16 10:23:18 2024]
rule fastqc:
    input: demultiplexed/1FgAgo2_A_R1.fastq.gz
    output: results/qc/1FgAgo2_A_R1_fastqc.html, results/qc/1FgAgo2_A_R1_fastqc.zip
    jobid: 25
    wildcards: sample=1FgAgo2, unit=A, read=1
    threads: 20

Activating conda environment: /home/nilmat/scratch/streptsd/mathias_modulome/yeast/test/Natrix/.snakemake/conda/b0fe3568
[Thu May 16 10:23:38 2024]
Finished job 25.
4 of 26 steps (15%) done
Select jobs to execute...

[Thu May 16 10:23:38 2024]
rule unzip:
    input: demultiplexed/1FgAgo1_A_R1.fastq.gz
    output: demultiplexed/1FgAgo1_A_1.fastq
    jobid: 6
    wildcards: sample=1FgAgo1, unit=A, read=1


[Thu May 16 10:23:38 2024]
rule unzip:
    input: demultiplexed/1FgAgo3_A_R1.fastq.gz
    output: demultiplexed/1FgAgo3_A_1.fastq
    jobid: 14
    wildcards: sample=1FgAgo3, unit=A, read=1


[Thu May 16 10:23:38 2024]
rule unzip:
    input: demultiplexed/1FgAgo4_A_R1.fastq.gz
    output: demultiplexed/1FgAgo4_A_1.fastq
    jobid: 17
    wildcards: sample=1FgAgo4, unit=A, read=1


[Thu May 16 10:23:38 2024]
rule multiqc:
    input: results/qc/1FgAgo1_A_R1_fastqc.zip, results/qc/1FgAgo2_A_R1_fastqc.zip, results/qc/1FgAgo3_A_R1_fastqc.zip, results/qc/1FgAgo4_A_R1_fastqc.zip
    output: results/qc/multiqc_report.html
    jobid: 23


[Thu May 16 10:23:39 2024]
rule unzip:
    input: demultiplexed/1FgAgo2_A_R1.fastq.gz
    output: demultiplexed/1FgAgo2_A_1.fastq
    jobid: 11
    wildcards: sample=1FgAgo2, unit=A, read=1

Activating conda environment: /home/nilmat/scratch/streptsd/mathias_modulome/yeast/test/Natrix/.snakemake/conda/b0fe3568
Removing temporary output file demultiplexed/1FgAgo4_A_R1.fastq.gz.
[Thu May 16 10:23:45 2024]
Finished job 17.
5 of 26 steps (19%) done
Removing temporary output file demultiplexed/1FgAgo1_A_R1.fastq.gz.
[Thu May 16 10:23:45 2024]
Finished job 6.
6 of 26 steps (23%) done
Removing temporary output file demultiplexed/1FgAgo2_A_R1.fastq.gz.
[Thu May 16 10:23:45 2024]
Finished job 11.
7 of 26 steps (27%) done
Removing temporary output file demultiplexed/1FgAgo3_A_R1.fastq.gz.
[Thu May 16 10:23:46 2024]
Finished job 14.
8 of 26 steps (31%) done
Select jobs to execute...

[Thu May 16 10:23:46 2024]
rule prinseq:
    input: demultiplexed/1FgAgo1_A_1.fastq
    output: results/assembly/1FgAgo1_A/1FgAgo1_A_1.fastq
    log: results/logs/1FgAgo1_A/prinseq.log
    jobid: 5
    wildcards: sample=1FgAgo1, unit=A

[Thu May 16 10:23:46 2024]
rule prinseq:
    input: demultiplexed/1FgAgo4_A_1.fastq
    output: results/assembly/1FgAgo4_A/1FgAgo4_A_1.fastq
    log: results/logs/1FgAgo4_A/prinseq.log
    jobid: 16
    wildcards: sample=1FgAgo4, unit=A

[Thu May 16 10:23:46 2024]
rule prinseq:
    input: demultiplexed/1FgAgo2_A_1.fastq
    output: results/assembly/1FgAgo2_A/1FgAgo2_A_1.fastq
    log: results/logs/1FgAgo2_A/prinseq.log
    jobid: 10
    wildcards: sample=1FgAgo2, unit=A


[Thu May 16 10:23:46 2024]
rule prinseq:
    input: demultiplexed/1FgAgo3_A_1.fastq
    output: results/assembly/1FgAgo3_A/1FgAgo3_A_1.fastq
    log: results/logs/1FgAgo3_A/prinseq.log
    jobid: 13
    wildcards: sample=1FgAgo3, unit=A

Activating conda environment: /home/nilmat/scratch/streptsd/mathias_modulome/yeast/test/Natrix/.snakemake/conda/158371f3
Activating conda environment: /home/nilmat/scratch/streptsd/mathias_modulome/yeast/test/Natrix/.snakemake/conda/158371f3
Activating conda environment: /home/nilmat/scratch/streptsd/mathias_modulome/yeast/test/Natrix/.snakemake/conda/158371f3
Activating conda environment: /home/nilmat/scratch/streptsd/mathias_modulome/yeast/test/Natrix/.snakemake/conda/158371f3
[Thu May 16 10:24:35 2024]
Finished job 23.
9 of 26 steps (35%) done
Removing temporary output file demultiplexed/1FgAgo3_A_1.fastq.
[Thu May 16 10:24:41 2024]
Finished job 13.
10 of 26 steps (38%) done
Select jobs to execute...

[Thu May 16 10:24:41 2024]
rule cutadapt:
    input: results/assembly/1FgAgo3_A/1FgAgo3_A_1.fastq, primer_table.csv
    output: results/assembly/1FgAgo3_A/1FgAgo3_A_1_cut.fastq
    log: results/logs/1FgAgo3_A/cutadapt.log
    jobid: 12
    wildcards: sample=1FgAgo3, unit=A

Activating conda environment: /home/nilmat/scratch/streptsd/mathias_modulome/yeast/test/Natrix/.snakemake/conda/dea6db03
Removing temporary output file demultiplexed/1FgAgo4_A_1.fastq.
[Thu May 16 10:24:43 2024]
Finished job 16.
11 of 26 steps (42%) done
Select jobs to execute...

[Thu May 16 10:24:43 2024]
rule cutadapt:
    input: results/assembly/1FgAgo4_A/1FgAgo4_A_1.fastq, primer_table.csv
    output: results/assembly/1FgAgo4_A/1FgAgo4_A_1_cut.fastq
    log: results/logs/1FgAgo4_A/cutadapt.log
    jobid: 15
    wildcards: sample=1FgAgo4, unit=A

Removing temporary output file demultiplexed/1FgAgo2_A_1.fastq.
[Thu May 16 10:24:43 2024]
Finished job 10.
12 of 26 steps (46%) done
Select jobs to execute...

[Thu May 16 10:24:43 2024]
rule cutadapt:
    input: results/assembly/1FgAgo2_A/1FgAgo2_A_1.fastq, primer_table.csv
    output: results/assembly/1FgAgo2_A/1FgAgo2_A_1_cut.fastq
    log: results/logs/1FgAgo2_A/cutadapt.log
    jobid: 9
    wildcards: sample=1FgAgo2, unit=A

Activating conda environment: /home/nilmat/scratch/streptsd/mathias_modulome/yeast/test/Natrix/.snakemake/conda/dea6db03
Activating conda environment: /home/nilmat/scratch/streptsd/mathias_modulome/yeast/test/Natrix/.snakemake/conda/dea6db03
Activating conda environment: /home/nilmat/scratch/streptsd/mathias_modulome/yeast/test/Natrix/.snakemake/conda/dea6db03
Activating conda environment: /home/nilmat/scratch/streptsd/mathias_modulome/yeast/test/Natrix/.snakemake/conda/dea6db03
Removing temporary output file demultiplexed/1FgAgo1_A_1.fastq.
Activating conda environment: /home/nilmat/scratch/streptsd/mathias_modulome/yeast/test/Natrix/.snakemake/conda/dea6db03
[Thu May 16 10:24:45 2024]
Finished job 5.
13 of 26 steps (50%) done
Select jobs to execute...

[Thu May 16 10:24:45 2024]
rule cutadapt:
    input: results/assembly/1FgAgo1_A/1FgAgo1_A_1.fastq, primer_table.csv
    output: results/assembly/1FgAgo1_A/1FgAgo1_A_1_cut.fastq
    log: results/logs/1FgAgo1_A/cutadapt.log
    jobid: 4
    wildcards: sample=1FgAgo1, unit=A

Activating conda environment: /home/nilmat/scratch/streptsd/mathias_modulome/yeast/test/Natrix/.snakemake/conda/dea6db03
Activating conda environment: /home/nilmat/scratch/streptsd/mathias_modulome/yeast/test/Natrix/.snakemake/conda/dea6db03
[Thu May 16 10:24:59 2024]
[Thu May 16 10:24:59 2024]
[Thu May 16 10:24:59 2024]
[Thu May 16 10:24:59 2024]
Error in rule cutadapt:
Error in rule cutadapt:
Error in rule cutadapt:
Error in rule cutadapt:
    jobid: 15
    jobid: 4
    jobid: 9
    jobid: 12
    output: results/assembly/1FgAgo4_A/1FgAgo4_A_1_cut.fastq
    output: results/assembly/1FgAgo1_A/1FgAgo1_A_1_cut.fastq
    output: results/assembly/1FgAgo2_A/1FgAgo2_A_1_cut.fastq
    output: results/assembly/1FgAgo3_A/1FgAgo3_A_1_cut.fastq
    log: results/logs/1FgAgo4_A/cutadapt.log (check log file(s) for error message)
    log: results/logs/1FgAgo1_A/cutadapt.log (check log file(s) for error message)
    log: results/logs/1FgAgo2_A/cutadapt.log (check log file(s) for error message)
    log: results/logs/1FgAgo3_A/cutadapt.log (check log file(s) for error message)
    conda-env: /home/nilmat/scratch/streptsd/mathias_modulome/yeast/test/Natrix/.snakemake/conda/dea6db03
    conda-env: /home/nilmat/scratch/streptsd/mathias_modulome/yeast/test/Natrix/.snakemake/conda/dea6db03
    conda-env: /home/nilmat/scratch/streptsd/mathias_modulome/yeast/test/Natrix/.snakemake/conda/dea6db03
    conda-env: /home/nilmat/scratch/streptsd/mathias_modulome/yeast/test/Natrix/.snakemake/conda/dea6db03




RuleException:
CalledProcessError in line 59 of /home/nilmat/scratch/streptsd/mathias_modulome/yeast/test/Natrix/rules/read_assembly.smk:
Command 'source /home/nilmat/anaconda3/bin/activate '/home/nilmat/scratch/streptsd/mathias_modulome/yeast/test/Natrix/.snakemake/conda/dea6db03'; set -euo pipefail;  python /home/nilmat/scratch/streptsd/mathias_modulome/yeast/test/Natrix/.snakemake/scripts/tmp__mml1vb.cutadapt.py' returned non-zero exit status 1.
  File "/home/nilmat/anaconda3/envs/natrix/lib/python3.7/site-packages/snakemake/executors/__init__.py", line 2347, in run_wrapper
  File "/home/nilmat/scratch/streptsd/mathias_modulome/yeast/test/Natrix/rules/read_assembly.smk", line 59, in __rule_cutadapt
  File "/home/nilmat/anaconda3/envs/natrix/lib/python3.7/site-packages/snakemake/executors/__init__.py", line 568, in _callback
  File "/home/nilmat/anaconda3/envs/natrix/lib/python3.7/concurrent/futures/thread.py", line 57, in run
  File "/home/nilmat/anaconda3/envs/natrix/lib/python3.7/site-packages/snakemake/executors/__init__.py", line 554, in cached_or_run
  File "/home/nilmat/anaconda3/envs/natrix/lib/python3.7/site-packages/snakemake/executors/__init__.py", line 2359, in run_wrapper
RuleException:
CalledProcessError in line 59 of /home/nilmat/scratch/streptsd/mathias_modulome/yeast/test/Natrix/rules/read_assembly.smk:
Command 'source /home/nilmat/anaconda3/bin/activate '/home/nilmat/scratch/streptsd/mathias_modulome/yeast/test/Natrix/.snakemake/conda/dea6db03'; set -euo pipefail;  python /home/nilmat/scratch/streptsd/mathias_modulome/yeast/test/Natrix/.snakemake/scripts/tmpyzcojlla.cutadapt.py' returned non-zero exit status 1.
  File "/home/nilmat/anaconda3/envs/natrix/lib/python3.7/site-packages/snakemake/executors/__init__.py", line 2347, in run_wrapper
  File "/home/nilmat/scratch/streptsd/mathias_modulome/yeast/test/Natrix/rules/read_assembly.smk", line 59, in __rule_cutadapt
  File "/home/nilmat/anaconda3/envs/natrix/lib/python3.7/site-packages/snakemake/executors/__init__.py", line 568, in _callback
  File "/home/nilmat/anaconda3/envs/natrix/lib/python3.7/concurrent/futures/thread.py", line 57, in run
  File "/home/nilmat/anaconda3/envs/natrix/lib/python3.7/site-packages/snakemake/executors/__init__.py", line 554, in cached_or_run
  File "/home/nilmat/anaconda3/envs/natrix/lib/python3.7/site-packages/snakemake/executors/__init__.py", line 2359, in run_wrapper
RuleException:
CalledProcessError in line 59 of /home/nilmat/scratch/streptsd/mathias_modulome/yeast/test/Natrix/rules/read_assembly.smk:
Command 'source /home/nilmat/anaconda3/bin/activate '/home/nilmat/scratch/streptsd/mathias_modulome/yeast/test/Natrix/.snakemake/conda/dea6db03'; set -euo pipefail;  python /home/nilmat/scratch/streptsd/mathias_modulome/yeast/test/Natrix/.snakemake/scripts/tmpyov2_5gd.cutadapt.py' returned non-zero exit status 1.
  File "/home/nilmat/anaconda3/envs/natrix/lib/python3.7/site-packages/snakemake/executors/__init__.py", line 2347, in run_wrapper
  File "/home/nilmat/scratch/streptsd/mathias_modulome/yeast/test/Natrix/rules/read_assembly.smk", line 59, in __rule_cutadapt
  File "/home/nilmat/anaconda3/envs/natrix/lib/python3.7/site-packages/snakemake/executors/__init__.py", line 568, in _callback
  File "/home/nilmat/anaconda3/envs/natrix/lib/python3.7/concurrent/futures/thread.py", line 57, in run
  File "/home/nilmat/anaconda3/envs/natrix/lib/python3.7/site-packages/snakemake/executors/__init__.py", line 554, in cached_or_run
  File "/home/nilmat/anaconda3/envs/natrix/lib/python3.7/site-packages/snakemake/executors/__init__.py", line 2359, in run_wrapper
RuleException:
CalledProcessError in line 59 of /home/nilmat/scratch/streptsd/mathias_modulome/yeast/test/Natrix/rules/read_assembly.smk:
Command 'source /home/nilmat/anaconda3/bin/activate '/home/nilmat/scratch/streptsd/mathias_modulome/yeast/test/Natrix/.snakemake/conda/dea6db03'; set -euo pipefail;  python /home/nilmat/scratch/streptsd/mathias_modulome/yeast/test/Natrix/.snakemake/scripts/tmpcroo_mhy.cutadapt.py' returned non-zero exit status 1.
  File "/home/nilmat/anaconda3/envs/natrix/lib/python3.7/site-packages/snakemake/executors/__init__.py", line 2347, in run_wrapper
  File "/home/nilmat/scratch/streptsd/mathias_modulome/yeast/test/Natrix/rules/read_assembly.smk", line 59, in __rule_cutadapt
  File "/home/nilmat/anaconda3/envs/natrix/lib/python3.7/site-packages/snakemake/executors/__init__.py", line 568, in _callback
  File "/home/nilmat/anaconda3/envs/natrix/lib/python3.7/concurrent/futures/thread.py", line 57, in run
  File "/home/nilmat/anaconda3/envs/natrix/lib/python3.7/site-packages/snakemake/executors/__init__.py", line 554, in cached_or_run
  File "/home/nilmat/anaconda3/envs/natrix/lib/python3.7/site-packages/snakemake/executors/__init__.py", line 2359, in run_wrapper
Shutting down, this might take some time.
Exiting because a job execution failed. Look above for error message
Complete log: /home/nilmat/scratch/streptsd/mathias_modulome/yeast/test/Natrix/.snakemake/log/2024-05-16T102202.734936.snakemake.log
