Building DAG of jobs...
Using shell: /usr/bin/bash
Provided cores: 20
Rules claiming more threads will be scaled down.
Job counts:
	count	jobs
	1	all
	1	ampliconduo
	4	assembly
	4	cdhit
	4	cluster_sorting
	4	copy_to_fasta
	1	demultiplex
	4	fastqc
	1	filtering
	1	multiqc
	4	prinseq
	1	swarm
	1	swarm_results
	1	unfiltered_table
	4	unzip
	4	vsearch
	1	write_fasta
	41
Select jobs to execute...

[Wed May 15 07:24:12 2024]
rule demultiplex:
    output: demultiplexed/1FgAgo1_A_R1.fastq.gz, demultiplexed/1FgAgo2_A_R1.fastq.gz, demultiplexed/1FgAgo3_A_R1.fastq.gz, demultiplexed/1FgAgo4_A_R1.fastq.gz
    jobid: 9

Activating conda environment: /home/nilmat/scratch/streptsd/mathias_modulome/yeast/test/Natrix/.snakemake/conda/abd70ccd
Activating conda environment: /home/nilmat/scratch/streptsd/mathias_modulome/yeast/test/Natrix/.snakemake/conda/abd70ccd
[Wed May 15 07:24:50 2024]
Finished job 9.
1 of 41 steps (2%) done
Select jobs to execute...

[Wed May 15 07:24:50 2024]
rule fastqc:
    input: demultiplexed/1FgAgo4_A_R1.fastq.gz
    output: results/qc/1FgAgo4_A_R1_fastqc.html, results/qc/1FgAgo4_A_R1_fastqc.zip
    jobid: 40
    wildcards: sample=1FgAgo4, unit=A, read=1
    threads: 20

Activating conda environment: /home/nilmat/scratch/streptsd/mathias_modulome/yeast/test/Natrix/.snakemake/conda/b0fe3568
[Wed May 15 07:25:17 2024]
Finished job 40.
2 of 41 steps (5%) done
Select jobs to execute...

[Wed May 15 07:25:17 2024]
rule fastqc:
    input: demultiplexed/1FgAgo1_A_R1.fastq.gz
    output: results/qc/1FgAgo1_A_R1_fastqc.html, results/qc/1FgAgo1_A_R1_fastqc.zip
    jobid: 37
    wildcards: sample=1FgAgo1, unit=A, read=1
    threads: 20

Activating conda environment: /home/nilmat/scratch/streptsd/mathias_modulome/yeast/test/Natrix/.snakemake/conda/b0fe3568
[Wed May 15 07:25:35 2024]
Finished job 37.
3 of 41 steps (7%) done
Select jobs to execute...

[Wed May 15 07:25:35 2024]
rule fastqc:
    input: demultiplexed/1FgAgo3_A_R1.fastq.gz
    output: results/qc/1FgAgo3_A_R1_fastqc.html, results/qc/1FgAgo3_A_R1_fastqc.zip
    jobid: 39
    wildcards: sample=1FgAgo3, unit=A, read=1
    threads: 20

Activating conda environment: /home/nilmat/scratch/streptsd/mathias_modulome/yeast/test/Natrix/.snakemake/conda/b0fe3568
[Wed May 15 07:25:54 2024]
Finished job 39.
4 of 41 steps (10%) done
Select jobs to execute...

[Wed May 15 07:25:54 2024]
rule fastqc:
    input: demultiplexed/1FgAgo2_A_R1.fastq.gz
    output: results/qc/1FgAgo2_A_R1_fastqc.html, results/qc/1FgAgo2_A_R1_fastqc.zip
    jobid: 38
    wildcards: sample=1FgAgo2, unit=A, read=1
    threads: 20

Activating conda environment: /home/nilmat/scratch/streptsd/mathias_modulome/yeast/test/Natrix/.snakemake/conda/b0fe3568
[Wed May 15 07:26:11 2024]
Finished job 38.
5 of 41 steps (12%) done
Select jobs to execute...

[Wed May 15 07:26:11 2024]
rule unzip:
    input: demultiplexed/1FgAgo1_A_R1.fastq.gz
    output: demultiplexed/1FgAgo1_A_1.fastq
    jobid: 8
    wildcards: sample=1FgAgo1, unit=A, read=1


[Wed May 15 07:26:11 2024]
rule multiqc:
    input: results/qc/1FgAgo1_A_R1_fastqc.zip, results/qc/1FgAgo2_A_R1_fastqc.zip, results/qc/1FgAgo3_A_R1_fastqc.zip, results/qc/1FgAgo4_A_R1_fastqc.zip
    output: results/qc/multiqc_report.html
    jobid: 36


[Wed May 15 07:26:11 2024]
rule unzip:
    input: demultiplexed/1FgAgo3_A_R1.fastq.gz
    output: demultiplexed/1FgAgo3_A_1.fastq
    jobid: 24
    wildcards: sample=1FgAgo3, unit=A, read=1


[Wed May 15 07:26:12 2024]
rule unzip:
    input: demultiplexed/1FgAgo2_A_R1.fastq.gz
    output: demultiplexed/1FgAgo2_A_1.fastq
    jobid: 17
    wildcards: sample=1FgAgo2, unit=A, read=1


[Wed May 15 07:26:12 2024]
rule unzip:
    input: demultiplexed/1FgAgo4_A_R1.fastq.gz
    output: demultiplexed/1FgAgo4_A_1.fastq
    jobid: 31
    wildcards: sample=1FgAgo4, unit=A, read=1

Activating conda environment: /home/nilmat/scratch/streptsd/mathias_modulome/yeast/test/Natrix/.snakemake/conda/b0fe3568
Removing temporary output file demultiplexed/1FgAgo2_A_R1.fastq.gz.
[Wed May 15 07:26:17 2024]
Finished job 17.
6 of 41 steps (15%) done
Select jobs to execute...
Removing temporary output file demultiplexed/1FgAgo1_A_R1.fastq.gz.
[Wed May 15 07:26:17 2024]
Finished job 8.
7 of 41 steps (17%) done

[Wed May 15 07:26:17 2024]
rule prinseq:
    input: demultiplexed/1FgAgo2_A_1.fastq
    output: results/assembly/1FgAgo2_A/1FgAgo2_A_1.fastq
    log: results/logs/1FgAgo2_A/prinseq.log
    jobid: 16
    wildcards: sample=1FgAgo2, unit=A

Removing temporary output file demultiplexed/1FgAgo3_A_R1.fastq.gz.
[Wed May 15 07:26:17 2024]
Finished job 24.
8 of 41 steps (20%) done
Select jobs to execute...

[Wed May 15 07:26:17 2024]
rule prinseq:
    input: demultiplexed/1FgAgo1_A_1.fastq
    output: results/assembly/1FgAgo1_A/1FgAgo1_A_1.fastq
    log: results/logs/1FgAgo1_A/prinseq.log
    jobid: 7
    wildcards: sample=1FgAgo1, unit=A


[Wed May 15 07:26:18 2024]
rule prinseq:
    input: demultiplexed/1FgAgo3_A_1.fastq
    output: results/assembly/1FgAgo3_A/1FgAgo3_A_1.fastq
    log: results/logs/1FgAgo3_A/prinseq.log
    jobid: 23
    wildcards: sample=1FgAgo3, unit=A

Removing temporary output file demultiplexed/1FgAgo4_A_R1.fastq.gz.
[Wed May 15 07:26:18 2024]
Finished job 31.
9 of 41 steps (22%) done
Select jobs to execute...

[Wed May 15 07:26:18 2024]
rule prinseq:
    input: demultiplexed/1FgAgo4_A_1.fastq
    output: results/assembly/1FgAgo4_A/1FgAgo4_A_1.fastq
    log: results/logs/1FgAgo4_A/prinseq.log
    jobid: 30
    wildcards: sample=1FgAgo4, unit=A

Activating conda environment: /home/nilmat/scratch/streptsd/mathias_modulome/yeast/test/Natrix/.snakemake/conda/158371f3
Activating conda environment: /home/nilmat/scratch/streptsd/mathias_modulome/yeast/test/Natrix/.snakemake/conda/158371f3
Activating conda environment: /home/nilmat/scratch/streptsd/mathias_modulome/yeast/test/Natrix/.snakemake/conda/158371f3
Activating conda environment: /home/nilmat/scratch/streptsd/mathias_modulome/yeast/test/Natrix/.snakemake/conda/158371f3
[Wed May 15 07:27:08 2024]
Finished job 36.
10 of 41 steps (24%) done
Removing temporary output file demultiplexed/1FgAgo3_A_1.fastq.
[Wed May 15 07:27:15 2024]
Finished job 23.
11 of 41 steps (27%) done
Select jobs to execute...
Removing temporary output file demultiplexed/1FgAgo4_A_1.fastq.
[Wed May 15 07:27:16 2024]
Finished job 30.
12 of 41 steps (29%) done
Select jobs to execute...
Removing temporary output file demultiplexed/1FgAgo2_A_1.fastq.
[Wed May 15 07:27:16 2024]
Finished job 16.
13 of 41 steps (32%) done
Select jobs to execute...
Removing temporary output file demultiplexed/1FgAgo1_A_1.fastq.
[Wed May 15 07:27:20 2024]
Finished job 7.
14 of 41 steps (34%) done
Select jobs to execute...

[Wed May 15 07:27:20 2024]
rule assembly:
    input: results/assembly/1FgAgo2_A/1FgAgo2_A_1.fastq, primer_table.csv
    output: results/assembly/1FgAgo2_A/1FgAgo2_A_assembled.fastq
    log: results/logs/1FgAgo2_A/read_assembly.log
    jobid: 15
    wildcards: sample=1FgAgo2, unit=A
    threads: 20

Activating conda environment: /home/nilmat/scratch/streptsd/mathias_modulome/yeast/test/Natrix/.snakemake/conda/91efb205
Activating conda environment: /home/nilmat/scratch/streptsd/mathias_modulome/yeast/test/Natrix/.snakemake/conda/91efb205
[Wed May 15 07:27:57 2024]
Finished job 15.
15 of 41 steps (37%) done
Select jobs to execute...

[Wed May 15 07:27:57 2024]
rule assembly:
    input: results/assembly/1FgAgo3_A/1FgAgo3_A_1.fastq, primer_table.csv
    output: results/assembly/1FgAgo3_A/1FgAgo3_A_assembled.fastq
    log: results/logs/1FgAgo3_A/read_assembly.log
    jobid: 22
    wildcards: sample=1FgAgo3, unit=A
    threads: 20

Activating conda environment: /home/nilmat/scratch/streptsd/mathias_modulome/yeast/test/Natrix/.snakemake/conda/91efb205
Activating conda environment: /home/nilmat/scratch/streptsd/mathias_modulome/yeast/test/Natrix/.snakemake/conda/91efb205
[Wed May 15 07:28:15 2024]
Finished job 22.
16 of 41 steps (39%) done
Select jobs to execute...

[Wed May 15 07:28:15 2024]
rule assembly:
    input: results/assembly/1FgAgo1_A/1FgAgo1_A_1.fastq, primer_table.csv
    output: results/assembly/1FgAgo1_A/1FgAgo1_A_assembled.fastq
    log: results/logs/1FgAgo1_A/read_assembly.log
    jobid: 6
    wildcards: sample=1FgAgo1, unit=A
    threads: 20

Activating conda environment: /home/nilmat/scratch/streptsd/mathias_modulome/yeast/test/Natrix/.snakemake/conda/91efb205
Activating conda environment: /home/nilmat/scratch/streptsd/mathias_modulome/yeast/test/Natrix/.snakemake/conda/91efb205
[Wed May 15 07:28:33 2024]
Finished job 6.
17 of 41 steps (41%) done
Select jobs to execute...

[Wed May 15 07:28:33 2024]
rule assembly:
    input: results/assembly/1FgAgo4_A/1FgAgo4_A_1.fastq, primer_table.csv
    output: results/assembly/1FgAgo4_A/1FgAgo4_A_assembled.fastq
    log: results/logs/1FgAgo4_A/read_assembly.log
    jobid: 29
    wildcards: sample=1FgAgo4, unit=A
    threads: 20

Activating conda environment: /home/nilmat/scratch/streptsd/mathias_modulome/yeast/test/Natrix/.snakemake/conda/91efb205
Activating conda environment: /home/nilmat/scratch/streptsd/mathias_modulome/yeast/test/Natrix/.snakemake/conda/91efb205
[Wed May 15 07:28:51 2024]
Finished job 29.
18 of 41 steps (44%) done
Select jobs to execute...

[Wed May 15 07:28:51 2024]
rule copy_to_fasta:
    input: results/assembly/1FgAgo1_A/1FgAgo1_A_assembled.fastq
    output: results/assembly/1FgAgo1_A/1FgAgo1_A.fasta
    jobid: 5
    wildcards: sample=1FgAgo1, unit=A


[Wed May 15 07:28:52 2024]
rule copy_to_fasta:
    input: results/assembly/1FgAgo2_A/1FgAgo2_A_assembled.fastq
    output: results/assembly/1FgAgo2_A/1FgAgo2_A.fasta
    jobid: 14
    wildcards: sample=1FgAgo2, unit=A


[Wed May 15 07:28:52 2024]
rule copy_to_fasta:
    input: results/assembly/1FgAgo3_A/1FgAgo3_A_assembled.fastq
    output: results/assembly/1FgAgo3_A/1FgAgo3_A.fasta
    jobid: 21
    wildcards: sample=1FgAgo3, unit=A


[Wed May 15 07:28:52 2024]
rule copy_to_fasta:
    input: results/assembly/1FgAgo4_A/1FgAgo4_A_assembled.fastq
    output: results/assembly/1FgAgo4_A/1FgAgo4_A.fasta
    jobid: 28
    wildcards: sample=1FgAgo4, unit=A

Activating conda environment: /home/nilmat/scratch/streptsd/mathias_modulome/yeast/test/Natrix/.snakemake/conda/8dc8de0b
Activating conda environment: /home/nilmat/scratch/streptsd/mathias_modulome/yeast/test/Natrix/.snakemake/conda/8dc8de0b
Activating conda environment: /home/nilmat/scratch/streptsd/mathias_modulome/yeast/test/Natrix/.snakemake/conda/8dc8de0b
Activating conda environment: /home/nilmat/scratch/streptsd/mathias_modulome/yeast/test/Natrix/.snakemake/conda/8dc8de0b
[Wed May 15 07:28:56 2024]
Finished job 14.
19 of 41 steps (46%) done
Select jobs to execute...
[Wed May 15 07:28:56 2024]
Finished job 21.
20 of 41 steps (49%) done
Select jobs to execute...
[Wed May 15 07:28:57 2024]
Finished job 28.
21 of 41 steps (51%) done
Select jobs to execute...
[Wed May 15 07:28:57 2024]
Finished job 5.
22 of 41 steps (54%) done
Select jobs to execute...

[Wed May 15 07:28:57 2024]
rule cdhit:
    input: results/assembly/1FgAgo1_A/1FgAgo1_A.fasta
    output: results/assembly/1FgAgo1_A/1FgAgo1_A_cdhit.fasta, results/assembly/1FgAgo1_A/1FgAgo1_A_cdhit.fasta.clstr
    jobid: 4
    wildcards: sample=1FgAgo1, unit=A
    threads: 20

Activating conda environment: /home/nilmat/scratch/streptsd/mathias_modulome/yeast/test/Natrix/.snakemake/conda/0bde0310
[Wed May 15 07:35:36 2024]
Finished job 4.
23 of 41 steps (56%) done
Select jobs to execute...

[Wed May 15 07:35:36 2024]
rule cdhit:
    input: results/assembly/1FgAgo4_A/1FgAgo4_A.fasta
    output: results/assembly/1FgAgo4_A/1FgAgo4_A_cdhit.fasta, results/assembly/1FgAgo4_A/1FgAgo4_A_cdhit.fasta.clstr
    jobid: 27
    wildcards: sample=1FgAgo4, unit=A
    threads: 20

Activating conda environment: /home/nilmat/scratch/streptsd/mathias_modulome/yeast/test/Natrix/.snakemake/conda/0bde0310
[Wed May 15 07:45:22 2024]
Finished job 27.
24 of 41 steps (59%) done
Select jobs to execute...

[Wed May 15 07:45:22 2024]
rule cdhit:
    input: results/assembly/1FgAgo2_A/1FgAgo2_A.fasta
    output: results/assembly/1FgAgo2_A/1FgAgo2_A_cdhit.fasta, results/assembly/1FgAgo2_A/1FgAgo2_A_cdhit.fasta.clstr
    jobid: 13
    wildcards: sample=1FgAgo2, unit=A
    threads: 20

Activating conda environment: /home/nilmat/scratch/streptsd/mathias_modulome/yeast/test/Natrix/.snakemake/conda/0bde0310
[Wed May 15 07:52:49 2024]
Finished job 13.
25 of 41 steps (61%) done
Select jobs to execute...

[Wed May 15 07:52:49 2024]
rule cdhit:
    input: results/assembly/1FgAgo3_A/1FgAgo3_A.fasta
    output: results/assembly/1FgAgo3_A/1FgAgo3_A_cdhit.fasta, results/assembly/1FgAgo3_A/1FgAgo3_A_cdhit.fasta.clstr
    jobid: 20
    wildcards: sample=1FgAgo3, unit=A
    threads: 20

Activating conda environment: /home/nilmat/scratch/streptsd/mathias_modulome/yeast/test/Natrix/.snakemake/conda/0bde0310
[Wed May 15 08:02:20 2024]
Finished job 20.
26 of 41 steps (63%) done
Select jobs to execute...

[Wed May 15 08:02:21 2024]
rule cluster_sorting:
    input: results/assembly/1FgAgo3_A/1FgAgo3_A_cdhit.fasta, results/assembly/1FgAgo3_A/1FgAgo3_A_cdhit.fasta.clstr, results/assembly/1FgAgo3_A/1FgAgo3_A.fasta
    output: results/assembly/1FgAgo3_A/1FgAgo3_A.dereplicated.fasta
    jobid: 19
    wildcards: sample=1FgAgo3, unit=A

[Wed May 15 08:02:21 2024]
rule cluster_sorting:
    input: results/assembly/1FgAgo4_A/1FgAgo4_A_cdhit.fasta, results/assembly/1FgAgo4_A/1FgAgo4_A_cdhit.fasta.clstr, results/assembly/1FgAgo4_A/1FgAgo4_A.fasta
    output: results/assembly/1FgAgo4_A/1FgAgo4_A.dereplicated.fasta
    jobid: 26
    wildcards: sample=1FgAgo4, unit=A

[Wed May 15 08:02:21 2024]
rule cluster_sorting:
    input: results/assembly/1FgAgo1_A/1FgAgo1_A_cdhit.fasta, results/assembly/1FgAgo1_A/1FgAgo1_A_cdhit.fasta.clstr, results/assembly/1FgAgo1_A/1FgAgo1_A.fasta
    output: results/assembly/1FgAgo1_A/1FgAgo1_A.dereplicated.fasta
    jobid: 3
    wildcards: sample=1FgAgo1, unit=A

[Wed May 15 08:02:21 2024]
rule cluster_sorting:
    input: results/assembly/1FgAgo2_A/1FgAgo2_A_cdhit.fasta, results/assembly/1FgAgo2_A/1FgAgo2_A_cdhit.fasta.clstr, results/assembly/1FgAgo2_A/1FgAgo2_A.fasta
    output: results/assembly/1FgAgo2_A/1FgAgo2_A.dereplicated.fasta
    jobid: 12
    wildcards: sample=1FgAgo2, unit=A

Activating conda environment: /home/nilmat/scratch/streptsd/mathias_modulome/yeast/test/Natrix/.snakemake/conda/0bde0310
Activating conda environment: /home/nilmat/scratch/streptsd/mathias_modulome/yeast/test/Natrix/.snakemake/conda/0bde0310
Activating conda environment: /home/nilmat/scratch/streptsd/mathias_modulome/yeast/test/Natrix/.snakemake/conda/0bde0310
Activating conda environment: /home/nilmat/scratch/streptsd/mathias_modulome/yeast/test/Natrix/.snakemake/conda/0bde0310
Activating conda environment: /home/nilmat/scratch/streptsd/mathias_modulome/yeast/test/Natrix/.snakemake/conda/0bde0310
Activating conda environment: /home/nilmat/scratch/streptsd/mathias_modulome/yeast/test/Natrix/.snakemake/conda/0bde0310
Activating conda environment: /home/nilmat/scratch/streptsd/mathias_modulome/yeast/test/Natrix/.snakemake/conda/0bde0310
Activating conda environment: /home/nilmat/scratch/streptsd/mathias_modulome/yeast/test/Natrix/.snakemake/conda/0bde0310
Removing temporary output file results/assembly/1FgAgo1_A/1FgAgo1_A_cdhit.fasta.clstr.
[Wed May 15 08:02:50 2024]
Finished job 3.
27 of 41 steps (66%) done
Removing temporary output file results/assembly/1FgAgo2_A/1FgAgo2_A_cdhit.fasta.clstr.
[Wed May 15 08:02:50 2024]
Finished job 12.
28 of 41 steps (68%) done
Removing temporary output file results/assembly/1FgAgo3_A/1FgAgo3_A_cdhit.fasta.clstr.
[Wed May 15 08:02:50 2024]
Finished job 19.
29 of 41 steps (71%) done
Select jobs to execute...
Select jobs to execute...
Select jobs to execute...
Removing temporary output file results/assembly/1FgAgo4_A/1FgAgo4_A_cdhit.fasta.clstr.
[Wed May 15 08:02:50 2024]
Finished job 26.
30 of 41 steps (73%) done

[Wed May 15 08:02:51 2024]
rule vsearch:
    input: results/assembly/1FgAgo3_A/1FgAgo3_A.dereplicated.fasta
    output: results/assembly/1FgAgo3_A/1FgAgo3_A.vsearch.txt, results/assembly/1FgAgo3_A/1FgAgo3_A.chimera.fasta, results/finalData/1FgAgo3_A.nonchimera.fasta
    log: results/logs/1FgAgo3_A/vsearch.log
    jobid: 18
    wildcards: sample=1FgAgo3, unit=A
    threads: 20

Select jobs to execute...
Activating conda environment: /home/nilmat/scratch/streptsd/mathias_modulome/yeast/test/Natrix/.snakemake/conda/f4c29887
Removing temporary output file results/assembly/1FgAgo3_A/1FgAgo3_A.vsearch.txt.
[Wed May 15 08:10:18 2024]
Finished job 18.
31 of 41 steps (76%) done
Select jobs to execute...

[Wed May 15 08:10:18 2024]
rule vsearch:
    input: results/assembly/1FgAgo2_A/1FgAgo2_A.dereplicated.fasta
    output: results/assembly/1FgAgo2_A/1FgAgo2_A.vsearch.txt, results/assembly/1FgAgo2_A/1FgAgo2_A.chimera.fasta, results/finalData/1FgAgo2_A.nonchimera.fasta
    log: results/logs/1FgAgo2_A/vsearch.log
    jobid: 11
    wildcards: sample=1FgAgo2, unit=A
    threads: 20

Activating conda environment: /home/nilmat/scratch/streptsd/mathias_modulome/yeast/test/Natrix/.snakemake/conda/f4c29887
Removing temporary output file results/assembly/1FgAgo2_A/1FgAgo2_A.vsearch.txt.
[Wed May 15 08:15:58 2024]
Finished job 11.
32 of 41 steps (78%) done
Select jobs to execute...

[Wed May 15 08:15:58 2024]
rule vsearch:
    input: results/assembly/1FgAgo1_A/1FgAgo1_A.dereplicated.fasta
    output: results/assembly/1FgAgo1_A/1FgAgo1_A.vsearch.txt, results/assembly/1FgAgo1_A/1FgAgo1_A.chimera.fasta, results/finalData/1FgAgo1_A.nonchimera.fasta
    log: results/logs/1FgAgo1_A/vsearch.log
    jobid: 2
    wildcards: sample=1FgAgo1, unit=A
    threads: 20

Activating conda environment: /home/nilmat/scratch/streptsd/mathias_modulome/yeast/test/Natrix/.snakemake/conda/f4c29887
Removing temporary output file results/assembly/1FgAgo1_A/1FgAgo1_A.vsearch.txt.
[Wed May 15 08:21:15 2024]
Finished job 2.
33 of 41 steps (80%) done
Select jobs to execute...

[Wed May 15 08:21:15 2024]
rule vsearch:
    input: results/assembly/1FgAgo4_A/1FgAgo4_A.dereplicated.fasta
    output: results/assembly/1FgAgo4_A/1FgAgo4_A.vsearch.txt, results/assembly/1FgAgo4_A/1FgAgo4_A.chimera.fasta, results/finalData/1FgAgo4_A.nonchimera.fasta
    log: results/logs/1FgAgo4_A/vsearch.log
    jobid: 25
    wildcards: sample=1FgAgo4, unit=A
    threads: 20

Activating conda environment: /home/nilmat/scratch/streptsd/mathias_modulome/yeast/test/Natrix/.snakemake/conda/f4c29887
Removing temporary output file results/assembly/1FgAgo4_A/1FgAgo4_A.vsearch.txt.
[Wed May 15 08:31:52 2024]
Finished job 25.
34 of 41 steps (83%) done
Select jobs to execute...

[Wed May 15 08:31:52 2024]
rule unfiltered_table:
    input: results/finalData/1FgAgo1_A.nonchimera.fasta, results/finalData/1FgAgo2_A.nonchimera.fasta, results/finalData/1FgAgo3_A.nonchimera.fasta, results/finalData/1FgAgo4_A.nonchimera.fasta
    output: results/finalData/unfiltered_table.csv, results/finalData/unfiltered_dict.hdf5
    jobid: 1

Activating conda environment: /home/nilmat/scratch/streptsd/mathias_modulome/yeast/test/Natrix/.snakemake/conda/419357a8
Activating conda environment: /home/nilmat/scratch/streptsd/mathias_modulome/yeast/test/Natrix/.snakemake/conda/419357a8
[Wed May 15 08:32:38 2024]
Finished job 1.
35 of 41 steps (85%) done
Select jobs to execute...

[Wed May 15 08:32:38 2024]
rule filtering:
    input: results/finalData/unfiltered_dict.hdf5
    output: results/finalData/filtered_table_temp.csv, results/finalData/filtered_out_table.csv
    jobid: 33

Activating conda environment: /home/nilmat/scratch/streptsd/mathias_modulome/yeast/test/Natrix/.snakemake/conda/9213fc68
Activating conda environment: /home/nilmat/scratch/streptsd/mathias_modulome/yeast/test/Natrix/.snakemake/conda/9213fc68
[Wed May 15 08:33:03 2024]
Error in rule filtering:
    jobid: 33
    output: results/finalData/filtered_table_temp.csv, results/finalData/filtered_out_table.csv
    conda-env: /home/nilmat/scratch/streptsd/mathias_modulome/yeast/test/Natrix/.snakemake/conda/9213fc68

RuleException:
CalledProcessError in line 24 of /home/nilmat/scratch/streptsd/mathias_modulome/yeast/test/Natrix/rules/merging.smk:
Command 'source /home/nilmat/anaconda3/bin/activate '/home/nilmat/scratch/streptsd/mathias_modulome/yeast/test/Natrix/.snakemake/conda/9213fc68'; set -euo pipefail;  python /home/nilmat/scratch/streptsd/mathias_modulome/yeast/test/Natrix/.snakemake/scripts/tmppsxo1exp.filtering.py' returned non-zero exit status 1.
  File "/home/nilmat/anaconda3/envs/natrix/lib/python3.7/site-packages/snakemake/executors/__init__.py", line 2347, in run_wrapper
  File "/home/nilmat/scratch/streptsd/mathias_modulome/yeast/test/Natrix/rules/merging.smk", line 24, in __rule_filtering
  File "/home/nilmat/anaconda3/envs/natrix/lib/python3.7/site-packages/snakemake/executors/__init__.py", line 568, in _callback
  File "/home/nilmat/anaconda3/envs/natrix/lib/python3.7/concurrent/futures/thread.py", line 57, in run
  File "/home/nilmat/anaconda3/envs/natrix/lib/python3.7/site-packages/snakemake/executors/__init__.py", line 554, in cached_or_run
  File "/home/nilmat/anaconda3/envs/natrix/lib/python3.7/site-packages/snakemake/executors/__init__.py", line 2359, in run_wrapper
Shutting down, this might take some time.
Exiting because a job execution failed. Look above for error message
Complete log: /home/nilmat/scratch/streptsd/mathias_modulome/yeast/test/Natrix/.snakemake/log/2024-05-15T072411.400056.snakemake.log
