Building DAG of jobs...
Using shell: /usr/bin/bash
Provided cores: 20
Rules claiming more threads will be scaled down.
Job counts:
	count	jobs
	1	all
	1	filtering
	1	swarm
	1	swarm_results
	1	write_fasta
	5
Select jobs to execute...

[Wed May 15 10:09:46 2024]
rule filtering:
    input: results/finalData/unfiltered_dict.hdf5
    output: results/finalData/filtered_table_temp.csv, results/finalData/filtered_out_table.csv
    jobid: 33

Activating conda environment: /home/nilmat/scratch/streptsd/mathias_modulome/yeast/test/Natrix/.snakemake/conda/9213fc68
Activating conda environment: /home/nilmat/scratch/streptsd/mathias_modulome/yeast/test/Natrix/.snakemake/conda/9213fc68
Removing temporary output file results/finalData/unfiltered_dict.hdf5.
[Wed May 15 10:10:17 2024]
Finished job 33.
1 of 5 steps (20%) done
Select jobs to execute...

[Wed May 15 10:10:18 2024]
rule write_fasta:
    input: results/finalData/filtered_table_temp.csv
    output: results/finalData/filtered.fasta, results/finalData/filtered_table.csv
    jobid: 32

Removing temporary output file results/finalData/filtered_table_temp.csv.
[Wed May 15 10:10:19 2024]
Finished job 32.
2 of 5 steps (40%) done
Select jobs to execute...

[Wed May 15 10:10:19 2024]
rule swarm:
    input: results/finalData/filtered.fasta
    output: results/finalData/representatives.fasta, results/finalData/merged.swarms
    jobid: 35
    threads: 20

Activating conda environment: /home/nilmat/scratch/streptsd/mathias_modulome/yeast/test/Natrix/.snakemake/conda/1971fb09
[Wed May 15 10:10:21 2024]
Finished job 35.
3 of 5 steps (60%) done
Select jobs to execute...

[Wed May 15 10:10:21 2024]
rule swarm_results:
    input: results/finalData/merged.swarms, results/finalData/filtered_table.csv
    output: results/finalData/swarm_table.csv
    jobid: 34

Activating conda environment: /home/nilmat/scratch/streptsd/mathias_modulome/yeast/test/Natrix/.snakemake/conda/57170aea
Activating conda environment: /home/nilmat/scratch/streptsd/mathias_modulome/yeast/test/Natrix/.snakemake/conda/57170aea
Removing temporary output file results/finalData/merged.swarms.
[Wed May 15 10:10:42 2024]
Finished job 34.
4 of 5 steps (80%) done
Select jobs to execute...

[Wed May 15 10:10:42 2024]
localrule all:
    input: results/finalData/unfiltered_table.csv, results/finalData/filtered_table.csv, results/finalData/swarm_table.csv, results/qc/multiqc_report.html
    jobid: 0

[Wed May 15 10:10:42 2024]
Finished job 0.
5 of 5 steps (100%) done
Complete log: /home/nilmat/scratch/streptsd/mathias_modulome/yeast/test/Natrix/.snakemake/log/2024-05-15T100944.833093.snakemake.log
